Process PoolWorker-1:
Process PoolWorker-4:
Traceback (most recent call last):
Traceback (most recent call last):
  File "/usr/lib64/python2.7/multiprocessing/process.py", line 258, in _bootstrap
  File "/usr/lib64/python2.7/multiprocessing/process.py", line 258, in _bootstrap
Process PoolWorker-3:
Traceback (most recent call last):
  File "/usr/lib64/python2.7/multiprocessing/process.py", line 258, in _bootstrap
Process PoolWorker-2:
Traceback (most recent call last):
  File "/usr/lib64/python2.7/multiprocessing/process.py", line 258, in _bootstrap
    self.run()
  File "/usr/lib64/python2.7/multiprocessing/process.py", line 114, in run
    self.run()
    self.run()
  File "/usr/lib64/python2.7/multiprocessing/process.py", line 114, in run
    self._target(*self._args, **self._kwargs)
  File "/usr/lib64/python2.7/multiprocessing/process.py", line 114, in run
  File "/usr/lib64/python2.7/multiprocessing/pool.py", line 102, in worker
    self._target(*self._args, **self._kwargs)
  File "/usr/lib64/python2.7/multiprocessing/pool.py", line 102, in worker
    self._target(*self._args, **self._kwargs)
  File "/usr/lib64/python2.7/multiprocessing/pool.py", line 102, in worker
    self.run()
  File "/usr/lib64/python2.7/multiprocessing/process.py", line 114, in run
    self._target(*self._args, **self._kwargs)
  File "/usr/lib64/python2.7/multiprocessing/pool.py", line 102, in worker
    task = get()
    task = get()
  File "/usr/lib64/python2.7/multiprocessing/queues.py", line 374, in get
  File "/usr/lib64/python2.7/multiprocessing/queues.py", line 376, in get
    task = get()
  File "/usr/lib64/python2.7/multiprocessing/queues.py", line 374, in get
    task = get()
  File "/usr/lib64/python2.7/multiprocessing/queues.py", line 374, in get
    racquire()
    return recv()
KeyboardInterrupt
KeyboardInterrupt
    racquire()
KeyboardInterrupt
    racquire()
Traceback (most recent call last):
  File "PRCGA_based.py", line 151, in <module>
KeyboardInterrupt
    main(e.evalfun, dim, revals, e.ftarget, tournsize)
  File "PRCGA_based.py", line 93, in main
    fitnesses = list(toolbox.map(toolbox.evaluate, pop))
  File "PRCGA_based.py", line 46, in wrapper
    return func(*args, **kargs),
  File "/root/mpi_projects/earthquakemodels/code/cocobbob/coco/PRCGA_based/fgeneric.py", line 320, in evalfun
    f.close()
KeyboardInterrupt
