Could not import matplotlib.pyplot, therefore ``cma.plot()``" + etc. is not available
COCO INFO: Results will be output to folder exdata/gaModel_on_bbob_budget0002xD-002
Benchmarking solver '<function gaModel' with budget=2*dimension on bbob suite, Sun Apr 30 15:01:25 2017
Apr30 15h01:25, d=2, running: f001Traceback (most recent call last):
  File "ga_experiment.py", line 414, in <module>
    main(budget, max_runs, current_batch, number_of_batches)
  File "ga_experiment.py", line 391, in main
    current_batch, number_of_batches)
  File "ga_experiment.py", line 260, in batch_loop
    max_runs)
  File "ga_experiment.py", line 322, in coco_optimize
    solver(fun, fun.dimension)
  File "/root/mpi_projects/earthquakemodels/code/cocobbob/coco/gaSimpleExperiment/simpleGA.py", line 37, in gaModel
    toolbox.register("select", tools.selLexicase)
AttributeError: 'module' object has no attribute 'selLexicase'
Could not import matplotlib.pyplot, therefore ``cma.plot()``" + etc. is not available
COCO INFO: Results will be output to folder exdata/gaModel_on_bbob_budget0002xD-003
Benchmarking solver '<function gaModel' with budget=2*dimension on bbob suite, Sun Apr 30 15:02:27 2017
Apr30 15h02:27, d=2, running: f001...............(15)  f002...............(15)  f003...............(15)  f004...............(15)  f005...............(15)  f006...............(15)  f007...............(15)  f008...............(15)  f009...............(15)  f010...............(15)  f011...............(15)  f012...............(15)  f013...............(15)  f014...............(15)  f015...............(15)  f016...............(15)  f017...............(15)  f018...............(15)  f019...............(15)  f020...............(15)  f021...............(15)  f022...............(15)  f023...............(15)  f024...............(15)  
    done in 7.2e-04 seconds/evaluation

Apr30 21h58:56, d=3, running: f001...............(15)  f002...............(15)  f003...............(15)  f004...............(15)  f005...............(15)  f006...............(15)  f007...............(15)  f008...............(15)  f009...............(15)  f010...............(15)  f011...............(15)  f012...............(15)  f013...............(15)  f014...............(15)  f015...............(15)  f016...............(15)  f017...............(15)  f018...............(15)  f019...............(15)  f020...............(15)  f021...............(15)  f022...............(15)  f023...............(15)  f024...............(15)  
    done in 7.2e-04 seconds/evaluation

May1 04h55:51, d=5, running: f001...............(15)  f002...............(15)  f003...............(15)  f004...............(15)  f005...............(15)  f006...............(15)  f007...............(15)  f008...............(15)  f009...............(15)  f010...............(15)  f011...............(15)  f012...............(15)  f013...............(15)  f014...............(15)  f015...............(15)  f016...............(15)  f017...............(15)  f018...............(15)  f019...............(15)  f020...............(15)  f021...............(15)  f022...............(15)  f023...............(15)  f024...............(15)  
    done in 7.3e-04 seconds/evaluation

May1 11h53:28, d=10, running: f001...............(15)  f002...............(15)  f003...............(15)  f004...............(15)  f005...............(15)  f006...............(15)  f007...............(15)  f008...............(15)  f009...............(15)  f010...............(15)  f011...............(15)  f012...............(15)  f013...............(15)  f014...............(15)  f015...............(15)  f016...............(15)  f017...............(15)  f018...............(15)  f019...............(15)  f020...............(15)  f021...............(15)  f022...............(15)  f023...............(15)  f024...............(15)  
    done in 7.3e-04 seconds/evaluation

May1 18h52:23, d=20, running: f001...............(15)  f002...............(15)  f003...............(15)  f004...............(15)  f005...............(15)  f006...............(15)  f007...............(15)  f008...............(15)  f009...............(15)  f010...............(15)  f011...............(15)  f012...............(15)  f013...............(15)  f014...............(15)  f015...............(15)  f016...............(15)  f017...............(15)  f018...............(15)  f019...............(15)  f020...............(15)  f021...............(15)  f022...............(15)  f023...............(15)  f024...............(15)  
    done in 7.3e-04 seconds/evaluation

May2 01h54:49, d=40, running: f001...............(15)  f002...............(15)  f003...............(15)  f004...............(15)  f005...............(15)  f006...............(15)  f007...............(15)  f008...............(15)  f009...............(15)  f010...............(15)  f011...............(15)  f012...............(15)  f013...............(15)  f014...............(15)  f015...............(15)  f016...............(15)  f017...............(15)  f018...............(15)  f019...............(15)  f020...............(15)  f021...............(15)  f022...............(15)  f023...............(15)  f024...............(15) 
    done in 7.5e-04 seconds/evaluation
  dimension seconds/evaluations
  -----------------------------
      2      7.2e-04 
      3      7.2e-04 
      5      7.3e-04 
     10      7.3e-04 
     20      7.3e-04 
     40      7.5e-04 
  -----------------------------
  bbob done (2160 of 2160 problems benchmarked), Tue May  2 09:04:46 2017 (41h58:52 total elapsed time).
